
R version 3.5.1 (2018-07-02) -- "Feather Spray"
Copyright (C) 2018 The R Foundation for Statistical Computing
Platform: x86_64-apple-darwin15.6.0 (64-bit)

R is free software and comes with ABSOLUTELY NO WARRANTY.
You are welcome to redistribute it under certain conditions.
Type 'license()' or 'licence()' for distribution details.

  Natural language support but running in an English locale

R is a collaborative project with many contributors.
Type 'contributors()' for more information and
'citation()' on how to cite R or R packages in publications.

Type 'demo()' for some demos, 'help()' for on-line help, or
'help.start()' for an HTML browser interface to help.
Type 'q()' to quit R.

> #---
> #title: "GO enrichment"
> #author: "HBG"
> #date: "11/7/2018"
> #output: pdf_document
> #---
> 
> # This script perform GO enrichment using topGO for a set of genes that show high (top 10%)
> # Bayes factors in tumor cells, but low or moderate (0%-50%) BF in normal cells
> 
> #```{r}
> # loading the libraries
> library(topGO)
> library(biomaRt)
> library(ensembldb)
> library(EnsDb.Hsapiens.v86)
> library(GenomicFeatures)
> library(GO.db)
> 
> ## some packages are installed using the package 'BioManager'
> ## the package 'GenomicFeatures' is needed to install 'EnsDb.Hsapiens.v86'
> ## install_github('https://github.com/Bioconductor/GenomicFeatures')
> ## the library 'devtools' is needed to install GenomicFeatures from GitHub repository
> 
> # the BF data file
> panc.file <- read.csv("../rnf43.csv",header=TRUE,stringsAsFactors=F)
> panc.gene <- panc.file$gene
> panc.z <- panc.file$zPanc_vs_other
> 
> # Gene list
> genes = panc.gene[which(panc.z > 2)]
> length(genes)
[1] 363
> GeneNameFilter(genes)
class: GeneNameFilter 
condition: == 
value: FZD5 WLS HNF1A FLII ARPC1B WDR7 RBM15 FASN PPCS PORCN EGFR TPK1 ADRBK1 NANS MPDU1 PPARG ACLY SLC2A1 DET1 GFPT1 STK40 RABIF TFRC FPGS MPI DUSP4 TTC7A IGF1R ALG3 MECOM MESDC2 KLF3 WNT3 CNPY2 TRIB1 STX4 MED16 RRAGA SLC25A1 CIT CDX2 WDR26 VPS4B GATA6 MMACHC PPP5C STT3A KATNA1 UBE2Z PMM2 ATP1A1 ARHGEF39 SMARCD1 DPH1 WRAP53 ATP6V0A1 DAZAP1 WDR48 AKT1 MARK2 MED25 MTFMT SDHAF1 GALE ALAD PDHA1 CAB39 FLAD1 MOGS CTNNB1 PCBD1 PGM3 ZNF324B PRR12 AP2M1 PTCH2 ZAN GRHL2 PIPOX AP2S1 HSPA13 UXS1 RIF1 C21orf2 PAX7 PITRM1 COQ5 FH TFB1M DHX29 FOXO1 MTR NPC1 AHR TMED9 PPP2R4 TCF7L2 ABHD15 SLC33A1 UFSP2 CABIN1 ALG9 PPCDC SSR1 GOLGA7 MVD KLK3 DPH2 EDC3 PFAS THAP4 LAMA3 VAC14 ACO2 SLTM GFM2 LRP5 MTRR TENM3 TMEM132D CSDE1 LRP6 MBTPS2 RANBP17 SREK1 KDM6A SP2 KLF6 RBBP7 SPSB4 NDE1 PTDSS1 PRTN3 FAM221B RICTOR CHAF1A EFR3A UTF1 XPO7 PIAS1 SPTLC2 DOCK5 FDFT1 GART STARD7 CLPP CMIP DPF2 PPP6R3 ELMSAN1 CHKA NCSTN TECPR1 ACTN2 PARS2 TMEM210 FAM83D ITGB3 C1orf27 NLRP11 SDHB UFL1 DOLPP1 MYO9B FGFRL1 ASB4 HTR3D PYGO2 SAMD4B STAMBP VPS8 FBXO42 SLC20A1 SEZ6 TIPRL ATP6V1B2 DPM2 RTTN PRKCG CELF1 FERMT1 SLC7A5 CARM1 MIOS NCOA6 VPS4A AGR2 CPA4 DDX17 DLST MBTPS1 CHD8 GCLC GNB1L STAG2 TAZ ALAS1 ARHGDIA MYO19 DDC NUCB1 HYI CTPS1 ANKRD29 LIPT2 MPRIP PHF12 UFC1 YBEY KBTBD2 KDELR1 MEIS3 C17orf102 CORO6 HSD17B12 UBA5 DGKD EXOC7 MRPL27 DTX1 LHFPL4 ACTL10 APH1A DNAJB11 LMLN NLRP12 RNF130 GALNT11 ANGEL2 GREB1L KBTBD11 RASL10B IREB2 EIF4E2 GANAB SIGLEC15 TYMS IRS1 LIAS METTL3 ORMDL3 TFAP4 ZNRF3 PIK3C2A UROD PTCD1 RNF146 SLC34A1 TRPM4 ITPKA ARPC1A HLCS NFRKB PUS1 SEPT12 SLC9A2 WDR1 ETV6 KISS1R MED13L VSX2 CDKN2A MLEC MPPED1 RQCD1 GTSE1 SLC3A2 TMEM8A VIPAS39 DENND4C FUBP1 NRXN3 TMEM95 ATP6V1G2 LTA MYBPH CD72 HOXB6 HPCAL4 JAGN1 MSLN OR9Q2 PARP10 UGP2 ASXL3 MEOX2 EMC6 RCOR1 STXBP3 TRIT1 CPN2 DNAL4 PGD DCST2 FAM49B GP6 KCNQ2 SHPK WDR85 XPO4 BFSP2 CYP4B1 SLC8A2 TMEM8B C12orf43 GSC2 KLF5 BSCL2 CMTM5 NFE2L1 PLAT SHISA2 SLC45A3 DHODH FAM126B FXYD5 USP27X IDH3B UTS2R ZNF296 EFCC1 SHC2 TMEM131 ZNF217 ZNF707 ATRIP CCR7 LCA5L LINGO1 WDR59 ANKHD1 APBB1IP LRRC3 NCS1 NT5C1B TCL1B ARL10 GPC4 HERC2 TRPM7 ARNT C1orf35 CNTFR DCAF7 FAM160A2 RPRD2 TESK1 COMMD2 LIG3 PDPR PMVK TK1 AHCY CNTNAP5 LATS2 MMP28 NAA35 PANX3 SLC7A1 SPTB SULT1C2 TMEM130 WNT7B 
> 
> # Gene names need be converted to Ensembl IDs
> library(EnsDb.Hsapiens.v86)
> ensembl.id <- genes(EnsDb.Hsapiens.v86, 
+                     filter=list(GeneNameFilter(genes),GeneIdFilter("ENSG", "startsWith")),
+                     return.type="data.frame", columns=c("gene_id"))
> write.table(ensembl.id, file="18.PvNP.topGO.geneset.csv", sep=",", row.names = F, col.names = F, quote = F)
> ensembl.id
            gene_id gene_name
1   ENSG00000168792    ABHD15
2   ENSG00000131473      ACLY
3   ENSG00000100412      ACO2
4   ENSG00000182584    ACTL10
5   ENSG00000077522     ACTN2
6   ENSG00000106541      AGR2
7   ENSG00000101444      AHCY
8   ENSG00000106546       AHR
9   ENSG00000142208      AKT1
10  ENSG00000148218      ALAD
11  ENSG00000023330     ALAS1
12  ENSG00000214160      ALG3
13  ENSG00000086848      ALG9
14  ENSG00000174606    ANGEL2
15  ENSG00000131503    ANKHD1
16  ENSG00000154065   ANKRD29
17  ENSG00000161203     AP2M1
18  ENSG00000042753     AP2S1
19  ENSG00000077420   APBB1IP
20  ENSG00000117362     APH1A
21  ENSG00000141522   ARHGDIA
22  ENSG00000137135  ARHGEF39
23  ENSG00000175414     ARL10
24  ENSG00000143437      ARNT
25  ENSG00000241685    ARPC1A
26  ENSG00000130429    ARPC1B
27  ENSG00000005981      ASB4
28  ENSG00000141431     ASXL3
29  ENSG00000163399    ATP1A1
30  ENSG00000033627  ATP6V0A1
31  ENSG00000147416  ATP6V1B2
32  ENSG00000206445  ATP6V1G2
33  ENSG00000213760  ATP6V1G2
34  ENSG00000226850  ATP6V1G2
35  ENSG00000227587  ATP6V1G2
36  ENSG00000230900  ATP6V1G2
37  ENSG00000234668  ATP6V1G2
38  ENSG00000234920  ATP6V1G2
39  ENSG00000164053     ATRIP
40  ENSG00000282827     ATRIP
41  ENSG00000170819     BFSP2
42  ENSG00000168000     BSCL2
43  ENSG00000157895  C12orf43
44  ENSG00000197322 C17orf102
45  ENSG00000157181   C1orf27
46  ENSG00000143793   C1orf35
47  ENSG00000160226   C21orf2
48  ENSG00000135932     CAB39
49  ENSG00000099991    CABIN1
50  ENSG00000281670    CABIN1
51  ENSG00000142453     CARM1
52  ENSG00000126353      CCR7
53  ENSG00000137101      CD72
54  ENSG00000147889    CDKN2A
55  ENSG00000165556      CDX2
56  ENSG00000149187     CELF1
57  ENSG00000167670    CHAF1A
58  ENSG00000100888      CHD8
59  ENSG00000110721      CHKA
60  ENSG00000122966       CIT
61  ENSG00000125656      CLPP
62  ENSG00000153815      CMIP
63  ENSG00000166091     CMTM5
64  ENSG00000257727     CNPY2
65  ENSG00000122756     CNTFR
66  ENSG00000155052   CNTNAP5
67  ENSG00000114744    COMMD2
68  ENSG00000110871      COQ5
69  ENSG00000167549     CORO6
70  ENSG00000128510      CPA4
71  ENSG00000178772      CPN2
72  ENSG00000009307     CSDE1
73  ENSG00000168036    CTNNB1
74  ENSG00000171793     CTPS1
75  ENSG00000142973    CYP4B1
76  ENSG00000071626    DAZAP1
77  ENSG00000136485     DCAF7
78  ENSG00000163354     DCST2
79  ENSG00000132437       DDC
80  ENSG00000100201     DDX17
81  ENSG00000137145   DENND4C
82  ENSG00000140543      DET1
83  ENSG00000077044      DGKD
84  ENSG00000280873      DGKD
85  ENSG00000102967     DHODH
86  ENSG00000067248     DHX29
87  ENSG00000119689      DLST
88  ENSG00000090520   DNAJB11
89  ENSG00000100246     DNAL4
90  ENSG00000147459     DOCK5
91  ENSG00000167130    DOLPP1
92  ENSG00000133884      DPF2
93  ENSG00000108963      DPH1
94  ENSG00000132768      DPH2
95  ENSG00000136908      DPM2
96  ENSG00000135144      DTX1
97  ENSG00000120875     DUSP4
98  ENSG00000179151      EDC3
99  ENSG00000114654     EFCC1
100 ENSG00000132294     EFR3A
101 ENSG00000146648      EGFR
102 ENSG00000135930    EIF4E2
103 ENSG00000156030   ELMSAN1
104 ENSG00000127774      EMC6
105 ENSG00000139083      ETV6
106 ENSG00000182473     EXOC7
107 ENSG00000155744   FAM126B
108 ENSG00000051009  FAM160A2
109 ENSG00000204930   FAM221B
110 ENSG00000153310    FAM49B
111 ENSG00000101447    FAM83D
112 ENSG00000169710      FASN
113 ENSG00000037637    FBXO42
114 ENSG00000079459     FDFT1
115 ENSG00000101311    FERMT1
116 ENSG00000127418    FGFRL1
117 ENSG00000091483        FH
118 ENSG00000160688     FLAD1
119 ENSG00000177731      FLII
120 ENSG00000150907     FOXO1
121 ENSG00000136877      FPGS
122 ENSG00000162613     FUBP1
123 ENSG00000089327     FXYD5
124 ENSG00000163251      FZD5
125 ENSG00000117308      GALE
126 ENSG00000178234   GALNT11
127 ENSG00000089597     GANAB
128 ENSG00000159131      GART
129 ENSG00000262473      GART
130 ENSG00000141448     GATA6
131 ENSG00000001084      GCLC
132 ENSG00000164347      GFM2
133 ENSG00000198380     GFPT1
134 ENSG00000185838     GNB1L
135 ENSG00000147533    GOLGA7
136 ENSG00000088053       GP6
137 ENSG00000274050       GP6
138 ENSG00000274566       GP6
139 ENSG00000275633       GP6
140 ENSG00000275931       GP6
141 ENSG00000276065       GP6
142 ENSG00000276211       GP6
143 ENSG00000277439       GP6
144 ENSG00000278316       GP6
145 ENSG00000278670       GP6
146 ENSG00000076716      GPC4
147 ENSG00000141449    GREB1L
148 ENSG00000083307     GRHL2
149 ENSG00000063515      GSC2
150 ENSG00000075218     GTSE1
151 ENSG00000128731     HERC2
152 ENSG00000276802     HERC2
153 ENSG00000277278     HERC2
154 ENSG00000159267      HLCS
155 ENSG00000135100     HNF1A
156 ENSG00000108511     HOXB6
157 ENSG00000116983    HPCAL4
158 ENSG00000149084  HSD17B12
159 ENSG00000155304    HSPA13
160 ENSG00000186090     HTR3D
161 ENSG00000178922       HYI
162 ENSG00000101365     IDH3B
163 ENSG00000140443     IGF1R
164 ENSG00000136381     IREB2
165 ENSG00000169047      IRS1
166 ENSG00000259207     ITGB3
167 ENSG00000137825     ITPKA
168 ENSG00000171135     JAGN1
169 ENSG00000186625    KATNA1
170 ENSG00000176595   KBTBD11
171 ENSG00000273645   KBTBD11
172 ENSG00000170852    KBTBD2
173 ENSG00000075043     KCNQ2
174 ENSG00000281151     KCNQ2
175 ENSG00000105438    KDELR1
176 ENSG00000147050     KDM6A
177 ENSG00000116014    KISS1R
178 ENSG00000109787      KLF3
179 ENSG00000102554      KLF5
180 ENSG00000067082      KLF6
181 ENSG00000142515      KLK3
182 ENSG00000053747     LAMA3
183 ENSG00000150457     LATS2
184 ENSG00000157578     LCA5L
185 ENSG00000156959    LHFPL4
186 ENSG00000121897      LIAS
187 ENSG00000005156      LIG3
188 ENSG00000169783    LINGO1
189 ENSG00000175536     LIPT2
190 ENSG00000185621      LMLN
191 ENSG00000162337      LRP5
192 ENSG00000070018      LRP6
193 ENSG00000281324      LRP6
194 ENSG00000160233     LRRC3
195 ENSG00000173503       LTA
196 ENSG00000223919       LTA
197 ENSG00000226275       LTA
198 ENSG00000226979       LTA
199 ENSG00000230279       LTA
200 ENSG00000231408       LTA
201 ENSG00000238130       LTA
202 ENSG00000072518     MARK2
203 ENSG00000140943    MBTPS1
204 ENSG00000012174    MBTPS2
205 ENSG00000085276     MECOM
206 ENSG00000123066    MED13L
207 ENSG00000175221     MED16
208 ENSG00000282092     MED16
209 ENSG00000104973     MED25
210 ENSG00000105419     MEIS3
211 ENSG00000106511     MEOX2
212 ENSG00000117899    MESDC2
213 ENSG00000165819    METTL3
214 ENSG00000164654      MIOS
215 ENSG00000110917      MLEC
216 ENSG00000132763    MMACHC
217 ENSG00000271447     MMP28
218 ENSG00000278843     MMP28
219 ENSG00000115275      MOGS
220 ENSG00000129255     MPDU1
221 ENSG00000178802       MPI
222 ENSG00000186732    MPPED1
223 ENSG00000133030     MPRIP
224 ENSG00000108826    MRPL27
225 ENSG00000102854      MSLN
226 ENSG00000103707     MTFMT
227 ENSG00000116984       MTR
228 ENSG00000124275      MTRR
229 ENSG00000167508       MVD
230 ENSG00000133055     MYBPH
231 ENSG00000278259     MYO19
232 ENSG00000278372     MYO19
233 ENSG00000099331     MYO9B
234 ENSG00000135040     NAA35
235 ENSG00000095380      NANS
236 ENSG00000198646     NCOA6
237 ENSG00000107130      NCS1
238 ENSG00000162736     NCSTN
239 ENSG00000072864      NDE1
240 ENSG00000275911      NDE1
241 ENSG00000082641    NFE2L1
242 ENSG00000170322     NFRKB
243 ENSG00000179873    NLRP11
244 ENSG00000142405    NLRP12
245 ENSG00000141458      NPC1
246 ENSG00000021645     NRXN3
247 ENSG00000185013    NT5C1B
248 ENSG00000104805     NUCB1
249 ENSG00000186513     OR9Q2
250 ENSG00000172057    ORMDL3
251 ENSG00000154143     PANX3
252 ENSG00000178685    PARP10
253 ENSG00000162396     PARS2
254 ENSG00000009709      PAX7
255 ENSG00000166228     PCBD1
256 ENSG00000131828     PDHA1
257 ENSG00000090857      PDPR
258 ENSG00000178921      PFAS
259 ENSG00000142657       PGD
260 ENSG00000013375      PGM3
261 ENSG00000109118     PHF12
262 ENSG00000033800     PIAS1
263 ENSG00000011405   PIK3C2A
264 ENSG00000179761     PIPOX
265 ENSG00000107959    PITRM1
266 ENSG00000104368      PLAT
267 ENSG00000140650      PMM2
268 ENSG00000163344      PMVK
269 ENSG00000102312     PORCN
270 ENSG00000132170     PPARG
271 ENSG00000138621     PPCDC
272 ENSG00000127125      PPCS
273 ENSG00000011485     PPP5C
274 ENSG00000110075    PPP6R3
275 ENSG00000126583     PRKCG
276 ENSG00000126464     PRR12
277 ENSG00000196415     PRTN3
278 ENSG00000277804     PRTN3
279 ENSG00000106246     PTCD1
280 ENSG00000117425     PTCH2
281 ENSG00000156471    PTDSS1
282 ENSG00000177192      PUS1
283 ENSG00000163348     PYGO2
284 ENSG00000183155     RABIF
285 ENSG00000204764   RANBP17
286 ENSG00000270885   RASL10B
287 ENSG00000102054     RBBP7
288 ENSG00000162775     RBM15
289 ENSG00000089902     RCOR1
290 ENSG00000164327    RICTOR
291 ENSG00000080345      RIF1
292 ENSG00000113269    RNF130
293 ENSG00000118518    RNF146
294 ENSG00000163125     RPRD2
295 ENSG00000155876     RRAGA
296 ENSG00000176225      RTTN
297 ENSG00000179134    SAMD4B
298 ENSG00000205138    SDHAF1
299 ENSG00000117118      SDHB
300 ENSG00000140623    SEPT12
301 ENSG00000063015      SEZ6
302 ENSG00000129946      SHC2
303 ENSG00000180730    SHISA2
304 ENSG00000197417      SHPK
305 ENSG00000197046  SIGLEC15
306 ENSG00000144136   SLC20A1
307 ENSG00000100075   SLC25A1
308 ENSG00000117394    SLC2A1
309 ENSG00000169359   SLC33A1
310 ENSG00000131183   SLC34A1
311 ENSG00000168003    SLC3A2
312 ENSG00000158715   SLC45A3
313 ENSG00000139514    SLC7A1
314 ENSG00000103257    SLC7A5
315 ENSG00000118160    SLC8A2
316 ENSG00000115616    SLC9A2
317 ENSG00000137776      SLTM
318 ENSG00000066117   SMARCD1
319 ENSG00000167182       SP2
320 ENSG00000175093     SPSB4
321 ENSG00000070182      SPTB
322 ENSG00000100596    SPTLC2
323 ENSG00000153914     SREK1
324 ENSG00000124783      SSR1
325 ENSG00000101972     STAG2
326 ENSG00000124356    STAMBP
327 ENSG00000084090    STARD7
328 ENSG00000196182     STK40
329 ENSG00000134910     STT3A
330 ENSG00000103496      STX4
331 ENSG00000116266    STXBP3
332 ENSG00000198203   SULT1C2
333 ENSG00000102125       TAZ
334 ENSG00000148737    TCF7L2
335 ENSG00000213231     TCL1B
336 ENSG00000205356    TECPR1
337 ENSG00000218336     TENM3
338 ENSG00000107140     TESK1
339 ENSG00000090447     TFAP4
340 ENSG00000029639     TFB1M
341 ENSG00000072274      TFRC
342 ENSG00000176946     THAP4
343 ENSG00000143155     TIPRL
344 ENSG00000167900       TK1
345 ENSG00000184840     TMED9
346 ENSG00000166448   TMEM130
347 ENSG00000075568   TMEM131
348 ENSG00000151952  TMEM132D
349 ENSG00000185863   TMEM210
350 ENSG00000129925    TMEM8A
351 ENSG00000137103    TMEM8B
352 ENSG00000182896    TMEM95
353 ENSG00000196511      TPK1
354 ENSG00000173334     TRIB1
355 ENSG00000043514     TRIT1
356 ENSG00000130529     TRPM4
357 ENSG00000092439     TRPM7
358 ENSG00000068724     TTC7A
359 ENSG00000176890      TYMS
360 ENSG00000081307      UBA5
361 ENSG00000159202     UBE2Z
362 ENSG00000143222      UFC1
363 ENSG00000014123      UFL1
364 ENSG00000109775     UFSP2
365 ENSG00000169764      UGP2
366 ENSG00000126088      UROD
367 ENSG00000273820    USP27X
368 ENSG00000171794      UTF1
369 ENSG00000181408     UTS2R
370 ENSG00000115652      UXS1
371 ENSG00000103043     VAC14
372 ENSG00000151445   VIPAS39
373 ENSG00000132612     VPS4A
374 ENSG00000119541     VPS4B
375 ENSG00000156931      VPS8
376 ENSG00000119614      VSX2
377 ENSG00000071127      WDR1
378 ENSG00000162923     WDR26
379 ENSG00000114742     WDR48
380 ENSG00000103091     WDR59
381 ENSG00000091157      WDR7
382 ENSG00000116729       WLS
383 ENSG00000108379      WNT3
384 ENSG00000277626      WNT3
385 ENSG00000277641      WNT3
386 ENSG00000188064     WNT7B
387 ENSG00000141499    WRAP53
388 ENSG00000132953      XPO4
389 ENSG00000130227      XPO7
390 ENSG00000182362      YBEY
391 ENSG00000146839       ZAN
392 ENSG00000171940    ZNF217
393 ENSG00000170684    ZNF296
394 ENSG00000249471   ZNF324B
395 ENSG00000181135    ZNF707
396 ENSG00000274352    ZNF707
397 ENSG00000183579     ZNRF3
> 
> ensembl.id$gene_id
  [1] "ENSG00000168792" "ENSG00000131473" "ENSG00000100412" "ENSG00000182584"
  [5] "ENSG00000077522" "ENSG00000106541" "ENSG00000101444" "ENSG00000106546"
  [9] "ENSG00000142208" "ENSG00000148218" "ENSG00000023330" "ENSG00000214160"
 [13] "ENSG00000086848" "ENSG00000174606" "ENSG00000131503" "ENSG00000154065"
 [17] "ENSG00000161203" "ENSG00000042753" "ENSG00000077420" "ENSG00000117362"
 [21] "ENSG00000141522" "ENSG00000137135" "ENSG00000175414" "ENSG00000143437"
 [25] "ENSG00000241685" "ENSG00000130429" "ENSG00000005981" "ENSG00000141431"
 [29] "ENSG00000163399" "ENSG00000033627" "ENSG00000147416" "ENSG00000206445"
 [33] "ENSG00000213760" "ENSG00000226850" "ENSG00000227587" "ENSG00000230900"
 [37] "ENSG00000234668" "ENSG00000234920" "ENSG00000164053" "ENSG00000282827"
 [41] "ENSG00000170819" "ENSG00000168000" "ENSG00000157895" "ENSG00000197322"
 [45] "ENSG00000157181" "ENSG00000143793" "ENSG00000160226" "ENSG00000135932"
 [49] "ENSG00000099991" "ENSG00000281670" "ENSG00000142453" "ENSG00000126353"
 [53] "ENSG00000137101" "ENSG00000147889" "ENSG00000165556" "ENSG00000149187"
 [57] "ENSG00000167670" "ENSG00000100888" "ENSG00000110721" "ENSG00000122966"
 [61] "ENSG00000125656" "ENSG00000153815" "ENSG00000166091" "ENSG00000257727"
 [65] "ENSG00000122756" "ENSG00000155052" "ENSG00000114744" "ENSG00000110871"
 [69] "ENSG00000167549" "ENSG00000128510" "ENSG00000178772" "ENSG00000009307"
 [73] "ENSG00000168036" "ENSG00000171793" "ENSG00000142973" "ENSG00000071626"
 [77] "ENSG00000136485" "ENSG00000163354" "ENSG00000132437" "ENSG00000100201"
 [81] "ENSG00000137145" "ENSG00000140543" "ENSG00000077044" "ENSG00000280873"
 [85] "ENSG00000102967" "ENSG00000067248" "ENSG00000119689" "ENSG00000090520"
 [89] "ENSG00000100246" "ENSG00000147459" "ENSG00000167130" "ENSG00000133884"
 [93] "ENSG00000108963" "ENSG00000132768" "ENSG00000136908" "ENSG00000135144"
 [97] "ENSG00000120875" "ENSG00000179151" "ENSG00000114654" "ENSG00000132294"
[101] "ENSG00000146648" "ENSG00000135930" "ENSG00000156030" "ENSG00000127774"
[105] "ENSG00000139083" "ENSG00000182473" "ENSG00000155744" "ENSG00000051009"
[109] "ENSG00000204930" "ENSG00000153310" "ENSG00000101447" "ENSG00000169710"
[113] "ENSG00000037637" "ENSG00000079459" "ENSG00000101311" "ENSG00000127418"
[117] "ENSG00000091483" "ENSG00000160688" "ENSG00000177731" "ENSG00000150907"
[121] "ENSG00000136877" "ENSG00000162613" "ENSG00000089327" "ENSG00000163251"
[125] "ENSG00000117308" "ENSG00000178234" "ENSG00000089597" "ENSG00000159131"
[129] "ENSG00000262473" "ENSG00000141448" "ENSG00000001084" "ENSG00000164347"
[133] "ENSG00000198380" "ENSG00000185838" "ENSG00000147533" "ENSG00000088053"
[137] "ENSG00000274050" "ENSG00000274566" "ENSG00000275633" "ENSG00000275931"
[141] "ENSG00000276065" "ENSG00000276211" "ENSG00000277439" "ENSG00000278316"
[145] "ENSG00000278670" "ENSG00000076716" "ENSG00000141449" "ENSG00000083307"
[149] "ENSG00000063515" "ENSG00000075218" "ENSG00000128731" "ENSG00000276802"
[153] "ENSG00000277278" "ENSG00000159267" "ENSG00000135100" "ENSG00000108511"
[157] "ENSG00000116983" "ENSG00000149084" "ENSG00000155304" "ENSG00000186090"
[161] "ENSG00000178922" "ENSG00000101365" "ENSG00000140443" "ENSG00000136381"
[165] "ENSG00000169047" "ENSG00000259207" "ENSG00000137825" "ENSG00000171135"
[169] "ENSG00000186625" "ENSG00000176595" "ENSG00000273645" "ENSG00000170852"
[173] "ENSG00000075043" "ENSG00000281151" "ENSG00000105438" "ENSG00000147050"
[177] "ENSG00000116014" "ENSG00000109787" "ENSG00000102554" "ENSG00000067082"
[181] "ENSG00000142515" "ENSG00000053747" "ENSG00000150457" "ENSG00000157578"
[185] "ENSG00000156959" "ENSG00000121897" "ENSG00000005156" "ENSG00000169783"
[189] "ENSG00000175536" "ENSG00000185621" "ENSG00000162337" "ENSG00000070018"
[193] "ENSG00000281324" "ENSG00000160233" "ENSG00000173503" "ENSG00000223919"
[197] "ENSG00000226275" "ENSG00000226979" "ENSG00000230279" "ENSG00000231408"
[201] "ENSG00000238130" "ENSG00000072518" "ENSG00000140943" "ENSG00000012174"
[205] "ENSG00000085276" "ENSG00000123066" "ENSG00000175221" "ENSG00000282092"
[209] "ENSG00000104973" "ENSG00000105419" "ENSG00000106511" "ENSG00000117899"
[213] "ENSG00000165819" "ENSG00000164654" "ENSG00000110917" "ENSG00000132763"
[217] "ENSG00000271447" "ENSG00000278843" "ENSG00000115275" "ENSG00000129255"
[221] "ENSG00000178802" "ENSG00000186732" "ENSG00000133030" "ENSG00000108826"
[225] "ENSG00000102854" "ENSG00000103707" "ENSG00000116984" "ENSG00000124275"
[229] "ENSG00000167508" "ENSG00000133055" "ENSG00000278259" "ENSG00000278372"
[233] "ENSG00000099331" "ENSG00000135040" "ENSG00000095380" "ENSG00000198646"
[237] "ENSG00000107130" "ENSG00000162736" "ENSG00000072864" "ENSG00000275911"
[241] "ENSG00000082641" "ENSG00000170322" "ENSG00000179873" "ENSG00000142405"
[245] "ENSG00000141458" "ENSG00000021645" "ENSG00000185013" "ENSG00000104805"
[249] "ENSG00000186513" "ENSG00000172057" "ENSG00000154143" "ENSG00000178685"
[253] "ENSG00000162396" "ENSG00000009709" "ENSG00000166228" "ENSG00000131828"
[257] "ENSG00000090857" "ENSG00000178921" "ENSG00000142657" "ENSG00000013375"
[261] "ENSG00000109118" "ENSG00000033800" "ENSG00000011405" "ENSG00000179761"
[265] "ENSG00000107959" "ENSG00000104368" "ENSG00000140650" "ENSG00000163344"
[269] "ENSG00000102312" "ENSG00000132170" "ENSG00000138621" "ENSG00000127125"
[273] "ENSG00000011485" "ENSG00000110075" "ENSG00000126583" "ENSG00000126464"
[277] "ENSG00000196415" "ENSG00000277804" "ENSG00000106246" "ENSG00000117425"
[281] "ENSG00000156471" "ENSG00000177192" "ENSG00000163348" "ENSG00000183155"
[285] "ENSG00000204764" "ENSG00000270885" "ENSG00000102054" "ENSG00000162775"
[289] "ENSG00000089902" "ENSG00000164327" "ENSG00000080345" "ENSG00000113269"
[293] "ENSG00000118518" "ENSG00000163125" "ENSG00000155876" "ENSG00000176225"
[297] "ENSG00000179134" "ENSG00000205138" "ENSG00000117118" "ENSG00000140623"
[301] "ENSG00000063015" "ENSG00000129946" "ENSG00000180730" "ENSG00000197417"
[305] "ENSG00000197046" "ENSG00000144136" "ENSG00000100075" "ENSG00000117394"
[309] "ENSG00000169359" "ENSG00000131183" "ENSG00000168003" "ENSG00000158715"
[313] "ENSG00000139514" "ENSG00000103257" "ENSG00000118160" "ENSG00000115616"
[317] "ENSG00000137776" "ENSG00000066117" "ENSG00000167182" "ENSG00000175093"
[321] "ENSG00000070182" "ENSG00000100596" "ENSG00000153914" "ENSG00000124783"
[325] "ENSG00000101972" "ENSG00000124356" "ENSG00000084090" "ENSG00000196182"
[329] "ENSG00000134910" "ENSG00000103496" "ENSG00000116266" "ENSG00000198203"
[333] "ENSG00000102125" "ENSG00000148737" "ENSG00000213231" "ENSG00000205356"
[337] "ENSG00000218336" "ENSG00000107140" "ENSG00000090447" "ENSG00000029639"
[341] "ENSG00000072274" "ENSG00000176946" "ENSG00000143155" "ENSG00000167900"
[345] "ENSG00000184840" "ENSG00000166448" "ENSG00000075568" "ENSG00000151952"
[349] "ENSG00000185863" "ENSG00000129925" "ENSG00000137103" "ENSG00000182896"
[353] "ENSG00000196511" "ENSG00000173334" "ENSG00000043514" "ENSG00000130529"
[357] "ENSG00000092439" "ENSG00000068724" "ENSG00000176890" "ENSG00000081307"
[361] "ENSG00000159202" "ENSG00000143222" "ENSG00000014123" "ENSG00000109775"
[365] "ENSG00000169764" "ENSG00000126088" "ENSG00000273820" "ENSG00000171794"
[369] "ENSG00000181408" "ENSG00000115652" "ENSG00000103043" "ENSG00000151445"
[373] "ENSG00000132612" "ENSG00000119541" "ENSG00000156931" "ENSG00000119614"
[377] "ENSG00000071127" "ENSG00000162923" "ENSG00000114742" "ENSG00000103091"
[381] "ENSG00000091157" "ENSG00000116729" "ENSG00000108379" "ENSG00000277626"
[385] "ENSG00000277641" "ENSG00000188064" "ENSG00000141499" "ENSG00000132953"
[389] "ENSG00000130227" "ENSG00000182362" "ENSG00000146839" "ENSG00000171940"
[393] "ENSG00000170684" "ENSG00000249471" "ENSG00000181135" "ENSG00000274352"
[397] "ENSG00000183579"
> 
> # Enrichment analysis
> mart <- useDataset("hsapiens_gene_ensembl", mart=useMart("ensembl"))
> all_ensembl_gene_id <- getBM(attributes = "ensembl_gene_id",
+                              values = "*", mart = mart)
> all <- factor(as.integer (all_ensembl_gene_id[,1] %in% ensembl.id$gene_id))
> names(all) <- all_ensembl_gene_id[,1]
> 
> GOdata.BP <- new("topGOdata", ontology="BP",
+               allGenes = all, geneSel=function(p) p == 1,
+               description = "P.not.NP", annot=annFUN.org, mapping="org.Hs.eg.db", ID="Ensembl")
> 
> GOdata.CC <- new("topGOdata", ontology="CC",
+               allGenes = all, geneSel=function(p) p == 1,
+               description = "P.not.NP", annot=annFUN.org, mapping="org.Hs.eg.db", ID="Ensembl")
> 
> GOdata.MF <- new("topGOdata", ontology="MF",
+               allGenes = all, geneSel=function(p) p == 1,
+               description = "P.not.NP", annot=annFUN.org, mapping="org.Hs.eg.db", ID="Ensembl")
> 
> result.test.bp <- runTest(GOdata.BP, algorithm = "classic", statistic = "fisher")
> resultKS.test.bp <- runTest(GOdata.BP, algorithm = "classic", statistic = "ks")
> resultKS.elim.test.bp <- runTest(GOdata.BP, algorithm = "elim", statistic = "ks")
> result.test.cc <- runTest(GOdata.CC, algorithm = "classic", statistic = "fisher")
> resultKS.test.cc <- runTest(GOdata.CC, algorithm = "classic", statistic = "ks")
> resultKS.elim.test.cc <- runTest(GOdata.CC, algorithm = "elim", statistic = "ks")
> result.test.mf <- runTest(GOdata.MF, algorithm = "classic", statistic = "fisher")
> resultKS.test.mf <- runTest(GOdata.MF, algorithm = "classic", statistic = "ks")
> resultKS.elim.test.mf <- runTest(GOdata.MF, algorithm = "elim", statistic = "ks")
> 
> allRes.bp <- GenTable(GOdata.BP, classicFisher = result.test.bp, classicKS = resultKS.test.bp, 
+           elimKS = resultKS.elim.test.bp, orderBy = "elimKS", ranksOf="classicFisher", topNodes=100)
> allRes.cc <- GenTable(GOdata.CC, classicFisher = result.test.cc, classicKS = resultKS.test.cc, 
+           elimKS = resultKS.elim.test.cc, orderBy = "elimKS", ranksOf="classicFisher", topNodes=100)
> allRes.mf <- GenTable(GOdata.MF, classicFisher = result.test.mf, classicKS = resultKS.test.mf, 
+           elimKS = resultKS.elim.test.mf, orderBy = "elimKS", ranksOf="classicFisher", topNodes=100)
> 
> allRes.bp
         GO.ID                                        Term Annotated
1   GO:0045944 positive regulation of transcription by ...      1273
2   GO:0000122 negative regulation of transcription by ...       904
3   GO:0043687     post-translational protein modification       401
4   GO:0008283                          cell proliferation      2322
5   GO:0051301                               cell division       625
6   GO:0045893 positive regulation of transcription, DN...      1621
7   GO:0007411                               axon guidance       267
8   GO:0035556           intracellular signal transduction      3075
9   GO:0006406                    mRNA export from nucleus       123
10  GO:1990830 cellular response to leukemia inhibitory...        99
11  GO:0008584                      male gonad development       137
12  GO:0043547      positive regulation of GTPase activity       456
13  GO:0007601                           visual perception       226
14  GO:0010628      positive regulation of gene expression      2104
15  GO:0000902                          cell morphogenesis      1054
16  GO:0035735 intraciliary transport involved in ciliu...        40
17  GO:0045471                         response to ethanol       132
18  GO:0055114                 oxidation-reduction process      1067
19  GO:0006886             intracellular protein transport      1229
20  GO:0046777                 protein autophosphorylation       245
21  GO:0018108           peptidyl-tyrosine phosphorylation       413
22  GO:0043627                        response to estrogen        74
23  GO:0018105             peptidyl-serine phosphorylation       294
24  GO:0019216       regulation of lipid metabolic process       404
25  GO:0001764                            neuron migration       153
26  GO:0001947                               heart looping        61
27  GO:0030198           extracellular matrix organization       395
28  GO:0007626                         locomotory behavior       203
29  GO:0032092      positive regulation of protein binding       104
30  GO:0001701              in utero embryonic development       338
31  GO:0032355                       response to estradiol       131
32  GO:0006357 regulation of transcription by RNA polym...      2842
33  GO:0006091 generation of precursor metabolites and ...       498
34  GO:0031398 positive regulation of protein ubiquitin...       110
35  GO:0008277 regulation of G protein-coupled receptor...       156
36  GO:0071260    cellular response to mechanical stimulus        79
37  GO:0007267                         cell-cell signaling      1726
38  GO:0016311                           dephosphorylation       534
39  GO:0006468                     protein phosphorylation      2072
40  GO:1903508 positive regulation of nucleic acid-temp...      1715
41  GO:0031532           actin cytoskeleton reorganization        99
42  GO:0009791                  post-embryonic development        90
43  GO:0042795    snRNA transcription by RNA polymerase II        75
44  GO:0030010              establishment of cell polarity       136
45  GO:0007204 positive regulation of cytosolic calcium...       320
46  GO:0007050                           cell cycle arrest       259
47  GO:0033365           protein localization to organelle       987
48  GO:0051056 regulation of small GTPase mediated sign...       355
49  GO:0045880 positive regulation of smoothened signal...        34
50  GO:0000209                  protein polyubiquitination       281
51  GO:0006855                drug transmembrane transport        91
52  GO:0071277            cellular response to calcium ion        84
53  GO:0031667                 response to nutrient levels       513
54  GO:0071840 cellular component organization or bioge...      7080
55  GO:0010976 positive regulation of neuron projection...       285
56  GO:0032482             Rab protein signal transduction        74
57  GO:0030324                            lung development       184
58  GO:0007229         integrin-mediated signaling pathway       110
59  GO:0032091      negative regulation of protein binding       106
60  GO:0043065    positive regulation of apoptotic process       703
61  GO:0006879               cellular iron ion homeostasis        63
62  GO:0036092 phosphatidylinositol-3-phosphate biosynt...        54
63  GO:0043410         positive regulation of MAPK cascade       631
64  GO:0055010 ventricular cardiac muscle tissue morpho...        47
65  GO:0042733               embryonic digit morphogenesis        61
66  GO:0007565                            female pregnancy       203
67  GO:0032570                    response to progesterone        39
68  GO:0090090 negative regulation of canonical Wnt sig...       137
69  GO:2000300 regulation of synaptic vesicle exocytosi...        82
70  GO:0042060                               wound healing       597
71  GO:0032147       activation of protein kinase activity       355
72  GO:0009612             response to mechanical stimulus       209
73  GO:0006508                                 proteolysis      1983
74  GO:0048010 vascular endothelial growth factor recep...        94
75  GO:0007631                            feeding behavior       103
76  GO:0007265             Ras protein signal transduction       466
77  GO:0048813                      dendrite morphogenesis       147
78  GO:0043388          positive regulation of DNA binding        62
79  GO:0042325               regulation of phosphorylation      1666
80  GO:0045198 establishment of epithelial cell apical/...        14
81  GO:0021766                     hippocampus development        85
82  GO:0006270                  DNA replication initiation        33
83  GO:0044283         small molecule biosynthetic process       786
84  GO:0007189 adenylate cyclase-activating G protein-c...       147
85  GO:0033138 positive regulation of peptidyl-serine p...       111
86  GO:0002062                 chondrocyte differentiation       120
87  GO:0015031                           protein transport      2198
88  GO:0046395           carboxylic acid catabolic process       287
89  GO:0007420                           brain development       779
90  GO:0045666 positive regulation of neuron differenti...       373
91  GO:0060037               pharyngeal system development        26
92  GO:1901576      organic substance biosynthetic process      6679
93  GO:0006998               nuclear envelope organization        49
94  GO:0019233                  sensory perception of pain       106
95  GO:0042475    odontogenesis of dentin-containing tooth        90
96  GO:0006536                 glutamate metabolic process        41
97  GO:0006812                            cation transport      1220
98  GO:0031032           actomyosin structure organization       199
99  GO:0002244 hematopoietic progenitor cell differenti...       116
100 GO:0007018                  microtubule-based movement       283
    Significant Expected Rank in classicFisher classicFisher classicKS  elimKS
1            34    23.28                   602       0.01745   1.8e-20 2.2e-19
2            19    16.53                  2734       0.29907   2.8e-12 2.8e-12
3             8     7.33                  3384       0.45183   6.0e-11 6.0e-11
4            66    42.47                   171       0.00018   1.3e-15 7.2e-11
5            15    11.43                  2107       0.17389   1.6e-17 2.2e-10
6            42    29.65                   543       0.01403   6.1e-28 2.6e-09
7             5     4.88                  3702       0.54127   3.5e-10 7.2e-09
8            54    56.24                  4061       0.65020   < 1e-30 1.7e-08
9             0     2.25                  4823       1.00000   2.0e-08 2.0e-08
10            4     1.81                  1631       0.10816   2.2e-08 2.2e-08
11            4     2.51                  2481       0.24226   2.2e-09 2.4e-08
12            5     8.34                  4679       0.92246   3.8e-08 3.8e-08
13            2     4.13                  4673       0.92075   7.3e-08 7.3e-08
14           52    38.48                   563       0.01536   < 1e-30 7.3e-08
15           18    19.28                  4064       0.65199   1.0e-29 1.3e-07
16            0     0.73                  4824       1.00000   1.6e-07 1.6e-07
17            2     2.41                  4196       0.69842   1.8e-07 1.8e-07
18           26    19.51                  1405       0.08418   5.5e-14 2.3e-07
19           26    22.48                  2493       0.24789   2.3e-18 3.2e-07
20            8     4.48                  1395       0.08189   4.9e-07 4.9e-07
21            5     7.55                  4601       0.87665   1.5e-10 9.9e-07
22            3     1.35                  1979       0.15364   1.1e-06 1.1e-06
23            8     5.38                  2105       0.17238   9.8e-10 1.3e-06
24           19     7.39                   170       0.00018   2.6e-12 1.4e-06
25            4     2.80                  2750       0.30706   1.7e-06 1.7e-06
26            0     1.12                  4825       1.00000   1.8e-06 1.8e-06
27            5     7.22                  4536       0.85152   1.9e-08 2.1e-06
28            2     3.71                  4621       0.88842   7.6e-08 2.5e-06
29            1     1.90                  4540       0.85406   1.8e-07 2.6e-06
30           13     6.18                   476       0.00975   9.2e-09 2.6e-06
31            4     2.40                  2355       0.21882   2.8e-06 2.8e-06
32           58    51.98                  2266       0.20088   4.9e-30 3.4e-06
33           14     9.11                  1353       0.07502   1.2e-09 3.5e-06
34            0     2.01                  4826       1.00000   3.5e-06 3.5e-06
35            0     2.85                  4827       1.00000   2.9e-07 4.6e-06
36            5     1.44                   561       0.01490   5.4e-06 5.4e-06
37           55    31.57                   116       3.6e-05   < 1e-30 6.0e-06
38           10     9.77                  3603       0.51470   1.2e-10 6.3e-06
39           35    37.90                  4235       0.71645   < 1e-30 8.5e-06
40           44    31.37                   544       0.01410   < 1e-30 9.0e-06
41            2     1.81                  3707       0.54311   9.8e-06 9.8e-06
42            3     1.65                  2379       0.22752   9.9e-06 9.9e-06
43            1     1.37                  4304       0.75015   1.0e-05 1.0e-05
44            6     2.49                   959       0.03911   3.9e-09 1.1e-05
45            4     5.85                  4504       0.83980   3.9e-09 1.1e-05
46            9     4.74                  1030       0.04948   1.1e-06 1.1e-05
47           15    18.05                  4437       0.80413   2.7e-17 1.1e-05
48            4     6.49                  4632       0.89194   4.7e-08 1.2e-05
49            0     0.62                  4828       1.00000   1.3e-05 1.3e-05
50            2     5.14                  4765       0.96598   2.8e-07 1.4e-05
51            2     1.66                  3553       0.49798   1.5e-05 1.5e-05
52            0     1.54                  4829       1.00000   1.5e-05 1.5e-05
53           26     9.38                    75       3.2e-06   1.3e-14 1.6e-05
54          138   129.49                  2182       0.18954   < 1e-30 1.7e-05
55            7     5.21                  2576       0.26751   1.3e-07 1.7e-05
56            0     1.35                  4830       1.00000   1.9e-05 1.9e-05
57            7     3.37                  1055       0.05288   4.0e-10 1.9e-05
58            2     2.01                  3906       0.60042   2.0e-05 2.0e-05
59            2     1.94                  3824       0.58022   2.1e-05 2.1e-05
60           18    12.86                  1528       0.09606   7.9e-09 2.1e-05
61            3     1.15                  1636       0.10838   2.3e-05 2.3e-05
62            2     0.99                  2547       0.25962   2.4e-05 2.4e-05
63            7    11.54                  4721       0.94534   1.4e-08 2.4e-05
64            0     0.86                  4831       1.00000   2.5e-05 2.5e-05
65            2     1.12                  2753       0.30713   2.5e-05 2.5e-05
66            4     3.71                  3590       0.51059   9.3e-08 2.7e-05
67            1     0.71                  3592       0.51352   2.7e-05 2.7e-05
68            8     2.51                   360       0.00376   2.7e-05 2.7e-05
69            2     1.50                  3344       0.44395   2.8e-05 2.8e-05
70           22    10.92                   292       0.00157   1.2e-06 2.8e-05
71            8     6.49                  2855       0.32479   1.4e-06 2.9e-05
72            6     3.82                  2173       0.18522   2.0e-09 2.9e-05
73           44    36.27                  1554       0.10327   2.9e-19 3.0e-05
74            3     1.72                  2490       0.24696   3.2e-05 3.2e-05
75            1     1.88                  4533       0.85133   3.2e-05 3.2e-05
76            6     8.52                  4554       0.85751   2.8e-14 3.4e-05
77            1     2.69                  4707       0.93433   1.2e-06 3.5e-05
78            2     1.13                  2785       0.31388   3.5e-05 3.5e-05
79           30    30.47                  3766       0.56353   1.9e-24 3.7e-05
80            0     0.26                  4832       1.00000   3.7e-05 3.7e-05
81            0     1.55                  4833       1.00000   3.8e-05 3.8e-05
82            0     0.60                  4834       1.00000   4.0e-05 4.0e-05
83           29    14.38                   187       0.00029   9.9e-19 4.2e-05
84            0     2.69                  4835       1.00000   4.4e-05 4.4e-05
85            3     2.03                  2863       0.33154   4.6e-05 4.6e-05
86            1     2.19                  4629       0.89156   2.8e-07 5.1e-05
87           56    40.20                   443       0.00665   2.8e-25 5.1e-05
88            7     5.25                  2621       0.27315   1.5e-09 5.2e-05
89           23    14.25                   591       0.01698   4.2e-12 5.3e-05
90            7     6.82                  3641       0.52571   2.6e-11 5.4e-05
91            0     0.48                  4836       1.00000   5.4e-05 5.4e-05
92          157   122.15                   146       8.8e-05   < 1e-30 5.5e-05
93            1     0.90                  3876       0.59567   5.5e-05 5.5e-05
94            0     1.94                  4837       1.00000   5.8e-05 5.8e-05
95            5     1.65                   778       0.02474   5.9e-05 5.9e-05
96            2     0.75                  2099       0.17238   6.0e-05 6.0e-05
97           32    22.31                   787       0.02595   1.4e-17 6.0e-05
98            5     3.64                  2735       0.30013   8.6e-08 6.1e-05
99            2     2.12                  3999       0.62933   4.5e-06 6.5e-05
100           4     5.18                  4336       0.76338   2.9e-09 6.6e-05
> 
> allRes.cc
         GO.ID                                        Term Annotated
1   GO:0005829                                     cytosol      5544
2   GO:0005737                                   cytoplasm     12783
3   GO:0005654                                 nucleoplasm      3916
4   GO:0070062                       extracellular exosome      2409
5   GO:0005813                                  centrosome       551
6   GO:0048471             perinuclear region of cytoplasm       739
7   GO:0005622                               intracellular     16843
8   GO:0043025                          neuronal cell body       512
9   GO:0005789              endoplasmic reticulum membrane      1262
10  GO:0005768                                    endosome      1072
11  GO:0005788                 endoplasmic reticulum lumen       321
12  GO:0098978                       glutamatergic synapse       377
13  GO:0005925                              focal adhesion       460
14  GO:0030425                                    dendrite       651
15  GO:0043235                            receptor complex       421
16  GO:0043005                           neuron projection      1371
17  GO:0015629                          actin cytoskeleton       515
18  GO:0030496                                     midbody       177
19  GO:0030426                                 growth cone       172
20  GO:0098805                              whole membrane      1942
21  GO:0097542                                 ciliary tip        45
22  GO:0014069                        postsynaptic density       339
23  GO:0005794                             Golgi apparatus      1807
24  GO:0005938                                 cell cortex       305
25  GO:0005759                        mitochondrial matrix       494
26  GO:0016324                      apical plasma membrane       344
27  GO:0005881                     cytoplasmic microtubule        66
28  GO:0031965                            nuclear membrane       340
29  GO:0030054                               cell junction      1418
30  GO:0005819                                     spindle       358
31  GO:0043231    intracellular membrane-bounded organelle     12571
32  GO:0030027                               lamellipodium       206
33  GO:0031594                      neuromuscular junction        78
34  GO:0005874                                 microtubule       450
35  GO:0043197                             dendritic spine       174
36  GO:0005741                mitochondrial outer membrane       187
37  GO:0005739                               mitochondrion      1740
38  GO:0005913                 cell-cell adherens junction       122
39  GO:0043209                               myelin sheath       174
40  GO:0005764                                    lysosome       814
41  GO:0005634                                     nucleus      8534
42  GO:0031410                         cytoplasmic vesicle      2642
43  GO:0005923                   bicellular tight junction       130
44  GO:0005876                         spindle microtubule        56
45  GO:0030424                                        axon       630
46  GO:0005783                       endoplasmic reticulum      2141
47  GO:0099056 integral component of presynaptic membra...        78
48  GO:0016323                 basolateral plasma membrane       240
49  GO:0000307 cyclin-dependent protein kinase holoenzy...        42
50  GO:0001917                 photoreceptor inner segment        49
51  GO:0005791                 rough endoplasmic reticulum        88
52  GO:0044451                            nucleoplasm part      1275
53  GO:0005911                          cell-cell junction       474
54  GO:0005778                        peroxisomal membrane        66
55  GO:0032587                             ruffle membrane        99
56  GO:0045177                         apical part of cell       410
57  GO:0001725                                stress fiber        62
58  GO:0030672                   synaptic vesicle membrane       103
59  GO:0036064                          ciliary basal body       123
60  GO:0000151                    ubiquitin ligase complex       297
61  GO:0043679                               axon terminus       124
62  GO:0000922                                spindle pole       161
63  GO:0098588              bounding membrane of organelle      2398
64  GO:0062023    collagen-containing extracellular matrix       359
65  GO:0005811                               lipid droplet        81
66  GO:0045171                        intercellular bridge        61
67  GO:0042995                             cell projection      2284
68  GO:0008076     voltage-gated potassium channel complex        97
69  GO:0030173        integral component of Golgi membrane        54
70  GO:0045121                               membrane raft       340
71  GO:0000242                     pericentriolar material        22
72  GO:0098794                                 postsynapse       665
73  GO:0005667                transcription factor complex       386
74  GO:0031234 extrinsic component of cytoplasmic side ...        92
75  GO:0034774                     secretory granule lumen       374
76  GO:0030141                           secretory granule       960
77  GO:0030285 integral component of synaptic vesicle m...        34
78  GO:0019005                SCF ubiquitin ligase complex        59
79  GO:0005743                mitochondrial inner membrane       512
80  GO:0034703                      cation channel complex       231
81  GO:0030315                                    T-tubule        52
82  GO:0045211                       postsynaptic membrane       357
83  GO:0000777            condensed chromosome kinetochore       113
84  GO:0030018                                      Z disc       135
85  GO:0001650                            fibrillar center       159
86  GO:0005875              microtubule associated complex       157
87  GO:0097060                           synaptic membrane       469
88  GO:0010494                  cytoplasmic stress granule        62
89  GO:0001726                                      ruffle       180
90  GO:0099061 integral component of postsynaptic densi...        51
91  GO:0005782                          peroxisomal matrix        56
92  GO:0071007        U2-type catalytic step 2 spliceosome        30
93  GO:0005758           mitochondrial intermembrane space        81
94  GO:0031201                               SNARE complex        48
95  GO:0005604                           basement membrane        93
96  GO:0005905                         clathrin-coated pit        75
97  GO:0031252                           cell leading edge       417
98  GO:0005844                                    polysome        75
99  GO:0031256                       leading edge membrane       180
100 GO:0005694                                  chromosome      1159
    Significant Expected Rank in classicFisher classicFisher classicKS  elimKS
1           148    97.94                     9       1.0e-08   < 1e-30 < 1e-30
2           280   225.83                     7       4.8e-09   < 1e-30 < 1e-30
3            80    69.18                   164        0.0852   < 1e-30 < 1e-30
4            73    42.56                    11       2.8e-06   1.4e-23 1.4e-23
5             9     9.73                   465        0.6409   3.2e-21 1.7e-19
6            14    13.06                   376        0.4332   2.8e-19 2.8e-19
7           325   297.55                    19        0.0003   < 1e-30 1.1e-14
8            11     9.05                   316        0.2970   9.8e-15 5.8e-14
9            30    22.29                   138        0.0610   0.00028 3.3e-12
10           22    18.94                   289        0.2641   9.2e-09 6.1e-11
11           10     5.67                   137        0.0600   7.0e-11 7.0e-11
12            7     6.66                   404        0.5003   7.0e-11 7.0e-11
13           11     8.13                   241        0.1931   1.2e-10 1.2e-10
14           11    11.50                   444        0.6024   5.2e-15 2.5e-10
15           10     7.44                   258        0.2131   7.5e-15 2.6e-10
16           23    24.22                   462        0.6323   < 1e-30 2.7e-10
17           13     9.10                   207        0.1269   8.7e-16 1.1e-09
18            7     3.13                   106        0.0382   1.4e-09 1.4e-09
19            1     3.04                   594        0.9539   1.6e-09 1.6e-09
20           46    34.31                    79        0.0252   1.6e-20 2.7e-09
21            0     0.79                   613        1.0000   5.7e-09 5.7e-09
22            6     5.99                   431        0.5552   1.9e-09 7.4e-08
23           42    31.92                   111        0.0410   3.4e-09 8.5e-08
24            9     5.39                   183        0.0930   6.5e-10 1.1e-07
25           23     8.73                    14       2.6e-05   1.1e-08 1.4e-07
26            8     6.08                   290        0.2645   1.5e-07 1.5e-07
27            1     1.17                   488        0.6922   2.0e-07 2.0e-07
28            4     6.01                   556        0.8538   2.1e-07 2.1e-07
29           24    25.05                   452        0.6167   2.4e-24 2.8e-07
30           13     6.32                    58        0.0117   1.8e-14 3.0e-07
31          249   222.08                    32        0.0028   < 1e-30 3.9e-07
32            4     3.64                   400        0.4949   5.2e-07 5.2e-07
33            0     1.38                   614        1.0000   7.0e-07 7.0e-07
34            5     7.95                   580        0.9019   1.1e-14 7.9e-07
35            5     3.07                   242        0.1952   1.3e-06 1.3e-06
36            3     3.30                   467        0.6447   2.0e-06 2.0e-06
37           45    30.74                    44        0.0064   2.1e-14 2.3e-06
38            1     2.16                   572        0.8870   4.9e-06 4.9e-06
39            7     3.07                   103        0.0353   5.2e-06 5.2e-06
40           17    14.38                   296        0.2736   1.0e-06 6.6e-06
41          147   150.76                   483        0.6723   5.8e-21 7.3e-06
42           65    46.67                    35        0.0035   1.8e-27 7.8e-06
43            2     2.30                   482        0.6719   1.0e-05 1.0e-05
44            0     0.99                   615        1.0000   1.1e-05 1.1e-05
45           10    11.13                   484        0.6787   1.3e-22 1.1e-05
46           54    37.82                    43        0.0048   2.4e-12 1.2e-05
47            2     1.38                   365        0.4019   1.6e-05 1.6e-05
48            8     4.24                   144        0.0639   1.7e-05 1.7e-05
49            0     0.74                   616        1.0000   1.0e-06 1.8e-05
50            0     0.87                   617        1.0000   1.9e-05 1.9e-05
51            1     1.55                   529        0.7923   2.0e-05 2.0e-05
52           29    22.52                   185        0.0984   1.4e-13 2.2e-05
53           10     8.37                   331        0.3290   4.2e-14 2.2e-05
54            0     1.17                   618        1.0000   2.3e-05 2.3e-05
55            2     1.75                   416        0.5243   2.3e-05 2.3e-05
56           10     7.24                   233        0.1915   3.7e-11 2.4e-05
57            1     1.10                   480        0.6693   3.0e-05 3.0e-05
58            0     1.82                   619        1.0000   1.2e-07 3.2e-05
59            3     2.17                   347        0.3706   3.3e-05 3.3e-05
60            5     5.25                   447        0.6050   2.3e-11 3.7e-05
61            2     2.19                   472        0.6466   2.7e-08 3.7e-05
62            9     2.84                    31        0.0023   4.6e-07 3.8e-05
63           52    42.36                   156        0.0696   7.9e-21 4.7e-05
64            6     6.34                   450        0.6111   1.2e-07 5.0e-05
65            1     1.43                   518        0.7646   5.4e-05 5.4e-05
66            0     1.08                   620        1.0000   6.6e-05 6.6e-05
67           37    40.35                   507        0.7369   < 1e-30 6.6e-05
68            2     1.71                   411        0.5134   7.1e-05 7.1e-05
69            0     0.95                   621        1.0000   7.4e-05 7.4e-05
70           11     6.01                   109        0.0401   7.0e-06 7.5e-05
71            0     0.39                   622        1.0000   9.3e-05 9.3e-05
72           12    11.75                   410        0.5114   1.9e-14 0.00011
73           12     6.82                   113        0.0426   2.0e-05 0.00011
74            0     1.63                   623        1.0000   0.00012 0.00012
75            8     6.61                   337        0.3419   1.7e-06 0.00012
76           20    16.96                   282        0.2551   6.8e-10 0.00013
77            0     0.60                   624        1.0000   0.00017 0.00017
78            1     1.04                   473        0.6511   0.00018 0.00018
79            8     9.05                   485        0.6863   0.00018 0.00018
80            4     4.08                   441        0.5851   3.5e-07 0.00023
81            1     0.92                   445        0.6046   0.00024 0.00024
82            5     6.31                   513        0.7587   5.8e-06 0.00024
83            2     2.00                   442        0.5961   6.7e-06 0.00026
84            3     2.38                   374        0.4275   0.00027 0.00027
85            1     2.81                   589        0.9418   0.00028 0.00028
86            3     2.77                   418        0.5265   4.4e-07 0.00030
87           10     8.29                   326        0.3175   1.9e-09 0.00030
88            0     1.10                   625        1.0000   0.00030 0.00030
89            4     3.18                   360        0.3935   1.0e-08 0.00030
90            0     0.90                   626        1.0000   0.00032 0.00032
91            1     0.99                   459        0.6319   0.00032 0.00032
92            0     0.53                   627        1.0000   0.00032 0.00032
93            0     1.43                   628        1.0000   0.00033 0.00033
94            1     0.85                   437        0.5754   0.00033 0.00033
95            1     1.64                   537        0.8101   0.00034 0.00034
96            3     1.32                   220        0.1470   0.00036 0.00036
97            8     7.37                   388        0.4568   7.8e-16 0.00037
98            1     1.32                   508        0.7379   0.00037 0.00037
99            3     3.18                   454        0.6191   9.2e-08 0.00038
100          18    20.48                   511        0.7466   3.8e-14 0.00038
> 
> allRes.mf
         GO.ID                                        Term Annotated
1   GO:0005515                             protein binding     13155
2   GO:0005524                                 ATP binding      1638
3   GO:0042803           protein homodimerization activity       892
4   GO:0000978 RNA polymerase II proximal promoter sequ...       525
5   GO:0019901                      protein kinase binding       677
6   GO:0045296                            cadherin binding       348
7   GO:0046872                           metal ion binding      4524
8   GO:0001077 proximal promoter DNA-binding transcript...       305
9   GO:0008017                         microtubule binding       255
10  GO:0008083                      growth factor activity       169
11  GO:0003924                             GTPase activity       311
12  GO:0019899                              enzyme binding      2479
13  GO:0008134                transcription factor binding       686
14  GO:0004672                     protein kinase activity       706
15  GO:0008092                cytoskeletal protein binding       994
16  GO:0019003                                 GDP binding        62
17  GO:0003713          transcription coactivator activity       352
18  GO:0019838                       growth factor binding       149
19  GO:0000287                       magnesium ion binding       223
20  GO:0004842      ubiquitin-protein transferase activity       431
21  GO:0005178                            integrin binding       138
22  GO:0005525                                 GTP binding       398
23  GO:0003682                           chromatin binding       595
24  GO:0042802                   identical protein binding      1883
25  GO:0005096                   GTPase activator activity       307
26  GO:0003725                 double-stranded RNA binding        77
27  GO:0031625            ubiquitin protein ligase binding       338
28  GO:0000981 DNA-binding transcription factor activit...      1741
29  GO:0003688              DNA replication origin binding        17
30  GO:0019900                              kinase binding       758
31  GO:0016791                        phosphatase activity       295
32  GO:0035091                phosphatidylinositol binding       247
33  GO:0004708                  MAP kinase kinase activity        16
34  GO:0005543                        phospholipid binding       433
35  GO:0003727                 single-stranded RNA binding        93
36  GO:0004674    protein serine/threonine kinase activity       492
37  GO:0005261                     cation channel activity       336
38  GO:0001078 proximal promoter DNA-binding transcript...       175
39  GO:0046873 metal ion transmembrane transporter acti...       476
40  GO:0043225 ATPase-coupled anion transmembrane trans...        13
41  GO:0008022                  protein C-terminus binding       203
42  GO:0051087                           chaperone binding       111
43  GO:0008528 G protein-coupled peptide receptor activ...       150
44  GO:0030374 nuclear receptor transcription coactivat...        68
45  GO:0019104                  DNA N-glycosylase activity        14
46  GO:0003714          transcription corepressor activity       256
47  GO:0005516                          calmodulin binding       204
48  GO:0043425           bHLH transcription factor binding        28
49  GO:0005114 type II transforming growth factor beta ...         7
50  GO:0003684                         damaged DNA binding        75
51  GO:0048487                        beta-tubulin binding        37
52  GO:0005070                    SH3/SH2 adaptor activity        56
53  GO:0004713            protein tyrosine kinase activity       191
54  GO:0051019    mitogen-activated protein kinase binding        27
55  GO:0015485                         cholesterol binding        44
56  GO:0032947 protein-containing complex scaffold acti...        95
57  GO:0030276                            clathrin binding        59
58  GO:0051117                              ATPase binding        87
59  GO:0048185                             activin binding        15
60  GO:0005086 ARF guanyl-nucleotide exchange factor ac...        20
61  GO:0016922                    nuclear receptor binding        19
62  GO:0070008           serine-type exopeptidase activity         9
63  GO:0004693 cyclin-dependent protein serine/threonin...        37
64  GO:0005249    voltage-gated potassium channel activity        92
65  GO:0005088 Ras guanyl-nucleotide exchange factor ac...       271
66  GO:0017022                              myosin binding        71
67  GO:0043142 single-stranded DNA-dependent ATPase act...        15
68  GO:0004896                  cytokine receptor activity        94
69  GO:0046934 phosphatidylinositol-4,5-bisphosphate 3-...        68
70  GO:0016773 phosphotransferase activity, alcohol gro...       849
71  GO:0030145                       manganese ion binding        60
72  GO:0050780                   dopamine receptor binding        17
73  GO:0008201                             heparin binding       185
74  GO:0030507                            spectrin binding        29
75  GO:0015077 monovalent inorganic cation transmembran...       401
76  GO:0005509                         calcium ion binding       750
77  GO:0015276           ligand-gated ion channel activity       150
78  GO:0015291 secondary active transmembrane transport...       232
79  GO:0004683 calmodulin-dependent protein kinase acti...        29
80  GO:0005545              1-phosphatidylinositol binding        15
81  GO:0008047                   enzyme activator activity       576
82  GO:0016504                peptidase activator activity        41
83  GO:0004725       protein tyrosine phosphatase activity       113
84  GO:0005104 fibroblast growth factor receptor bindin...        26
85  GO:0004715 non-membrane spanning protein tyrosine k...        49
86  GO:0071889                      14-3-3 protein binding        29
87  GO:0016811 hydrolase activity, acting on carbon-nit...        94
88  GO:0008270                            zinc ion binding       910
89  GO:0003779                               actin binding       455
90  GO:0001102 RNA polymerase II activating transcripti...        45
91  GO:0046943 carboxylic acid transmembrane transporte...       159
92  GO:0043394                        proteoglycan binding        34
93  GO:0070679        inositol 1,4,5 trisphosphate binding        14
94  GO:0005021 vascular endothelial growth factor-activ...         7
95  GO:0031683 G-protein beta/gamma-subunit complex bin...        20
96  GO:0046332                                SMAD binding        83
97  GO:0003887        DNA-directed DNA polymerase activity        25
98  GO:0016303    1-phosphatidylinositol-3-kinase activity        47
99  GO:0042826                 histone deacetylase binding       123
100 GO:0000175              3'-5'-exoribonuclease activity        33
    Significant Expected Rank in classicFisher classicFisher classicKS  elimKS
1           288   249.36                     4         6e-06   < 1e-30 5.8e-26
2            50    31.05                    27       0.00054   5.3e-18 5.3e-18
3            26    16.91                   176       0.02013   2.1e-12 2.1e-12
4            12     9.95                   608       0.29492   8.0e-13 6.1e-12
5            16    12.83                   521       0.21665   1.3e-13 7.8e-11
6             8     6.60                   643       0.34026   3.7e-10 3.7e-10
7            79    85.75                   928       0.81585   7.3e-14 5.7e-09
8             9     5.78                   428       0.12732   2.1e-07 2.1e-07
9             5     4.83                   782       0.53226   6.4e-09 2.5e-07
10            0     3.20                   984       1.00000   5.7e-07 5.7e-07
11            4     5.90                   942       0.84394   1.4e-06 1.4e-06
12           55    46.99                   412       0.11963   < 1e-30 1.8e-06
13           18    13.00                   379       0.10371   5.0e-12 1.9e-06
14           13    13.38                   817       0.58236   9.9e-16 2.5e-06
15           24    18.84                   434       0.13426   2.4e-18 2.8e-06
16            1     1.18                   870       0.69529   4.0e-06 4.0e-06
17           14     6.67                    70       0.00759   3.7e-09 5.2e-06
18            4     2.82                   619       0.31293   1.6e-08 5.2e-06
19            6     4.23                   557       0.24931   6.4e-06 6.4e-06
20            9     8.17                   726       0.43159   7.9e-06 7.9e-06
21            3     2.62                   757       0.48755   8.0e-06 8.0e-06
22            6     7.54                   902       0.76879   9.4e-06 9.4e-06
23           18    11.28                   209       0.03548   1.2e-05 1.2e-05
24           48    35.69                   181       0.02113   2.0e-15 1.5e-05
25            2     5.82                   973       0.98117   1.5e-05 1.5e-05
26            2     1.46                   725       0.43034   2.1e-05 2.1e-05
27           14     6.41                    64       0.00538   2.7e-05 2.7e-05
28           32    33.00                   827       0.60013   1.0e-10 3.4e-05
29            0     0.32                   985       1.00000   3.5e-05 3.5e-05
30           18    14.37                   502       0.19407   9.0e-16 3.7e-05
31            5     5.59                   860       0.66075   1.1e-07 5.0e-05
32            6     4.68                   635       0.32752   8.9e-09 6.2e-05
33            0     0.30                   986       1.00000   6.3e-05 6.3e-05
34            6     8.21                   935       0.83265   1.1e-13 7.6e-05
35            2     1.76                   781       0.52877   8.3e-05 8.3e-05
36           11     9.33                   639       0.33141   1.7e-08 9.6e-05
37            6     6.37                   832       0.61536   1.1e-06 0.00010
38            5     3.32                   552       0.23876   0.00011 0.00011
39           12     9.02                   503       0.19494   1.9e-07 0.00011
40            0     0.25                   987       1.00000   0.00013 0.00013
41            7     3.85                   373       0.09238   0.00014 0.00014
42            2     2.10                   838       0.62493   0.00015 0.00015
43            3     2.84                   793       0.54346   0.00016 0.00016
44            6     1.29                    49       0.00181   0.00017 0.00017
45            0     0.27                   988       1.00000   0.00018 0.00018
46            3     4.85                   947       0.86657   0.00022 0.00022
47            7     3.87                   374       0.09420   0.00023 0.00023
48            0     0.53                   989       1.00000   0.00023 0.00023
49            0     0.13                   990       1.00000   0.00024 0.00024
50            0     1.42                   991       1.00000   0.00025 0.00025
51            0     0.70                   992       1.00000   0.00028 0.00028
52            1     1.06                   856       0.65809   0.00029 0.00029
53            4     3.62                   761       0.49101   9.9e-07 0.00031
54            0     0.51                   993       1.00000   0.00037 0.00037
55            1     0.83                   809       0.56957   0.00039 0.00039
56            2     1.80                   791       0.54024   0.00041 0.00041
57            2     1.12                   616       0.30815   0.00043 0.00043
58            2     1.65                   762       0.49321   0.00044 0.00044
59            0     0.28                   994       1.00000   0.00045 0.00045
60            0     0.38                   995       1.00000   0.00046 0.00046
61            0     0.36                   996       1.00000   0.00048 0.00048
62            0     0.17                   997       1.00000   0.00048 0.00048
63            0     0.70                   998       1.00000   0.00049 0.00049
64            2     1.74                   780       0.52296   0.00049 0.00049
65            7     5.14                   568       0.25592   0.00051 0.00051
66            3     1.35                   453       0.15179   0.00051 0.00051
67            0     0.28                   999       1.00000   0.00053 0.00053
68            2     1.78                   783       0.53453   0.00057 0.00057
69            2     1.29                   684       0.37041   0.00057 0.00057
70           19    16.09                   571       0.26024   8.6e-19 0.00059
71            0     1.14                  1000       1.00000   0.00067 0.00067
72            0     0.32                  1001       1.00000   0.00072 0.00072
73            2     3.51                   948       0.86857   0.00076 0.00076
74            0     0.55                  1002       1.00000   0.00080 0.00080
75           13     7.60                   263       0.04313   1.4e-06 0.00085
76            6    14.22                   981       0.99603   0.00085 0.00085
77            1     2.84                   964       0.94396   0.00097 0.00097
78            7     4.40                   454       0.15296   1.8e-05 0.00101
79            1     0.55                   722       0.42615   0.00102 0.00102
80            0     0.28                  1003       1.00000   0.00106 0.00106
81            9    10.92                   901       0.76715   1.0e-08 0.00110
82            1     0.78                   794       0.54408   0.00112 0.00112
83            1     2.14                   956       0.88568   0.00117 0.00117
84            0     0.49                  1004       1.00000   0.00119 0.00119
85            0     0.93                  1005       1.00000   0.00119 0.00119
86            1     0.55                   723       0.42615   0.00126 0.00126
87            3     1.78                   572       0.26379   0.00013 0.00131
88           20    17.25                   597       0.27926   0.00142 0.00142
89           14     8.62                   274       0.05262   4.5e-05 0.00145
90            1     0.85                   812       0.57775   0.00146 0.00146
91            4     3.01                   659       0.35590   2.2e-06 0.00147
92            0     0.64                  1006       1.00000   0.00149 0.00149
93            0     0.27                  1007       1.00000   0.00152 0.00152
94            0     0.13                  1008       1.00000   0.00152 0.00152
95            0     0.38                  1009       1.00000   0.00161 0.00161
96            1     1.57                   921       0.79643   0.00170 0.00170
97            0     0.47                  1010       1.00000   0.00182 0.00182
98            2     0.89                   536       0.22374   0.00187 0.00187
99            2     2.33                   866       0.68017   0.00190 0.00190
100           0     0.63                  1011       1.00000   0.00195 0.00195
> 
> #```
> 
